1:signal-handler (1649902835) Received SIGTERM scheduling shutdown...
1:M 14 Apr 02:20:36.033 # User requested shutdown...
1:M 14 Apr 02:20:36.035 * Saving the final RDB snapshot before exiting.
1:M 14 Apr 02:20:36.038 * DB saved on disk
1:M 14 Apr 02:20:36.039 * Removing the pid file.
1:M 14 Apr 02:20:36.041 # Redis is now ready to exit, bye bye...
1:C 14 Apr 02:21:06.802 # oO0OoO0OoO0Oo Redis is starting oO0OoO0OoO0Oo
1:C 14 Apr 02:21:06.806 # Redis version=4.0.13, bits=64, commit=00000000, modified=0, pid=1, just started
1:C 14 Apr 02:21:06.809 # Configuration loaded
                _._                                                  
           _.-``__ ''-._                                             
      _.-``    `.  `_.  ''-._           Redis 4.0.13 (00000000/0) 64 bit
  .-`` .-```.  ```\/    _.,_ ''-._                                   
 (    '      ,       .-`  | `,    )     Running in standalone mode
 |`-._`-...-` __...-.``-._|'` _.-'|     Port: 6379
 |    `-._   `._    /     _.-'    |     PID: 1
  `-._    `-._  `-./  _.-'    _.-'                                   
 |`-._`-._    `-.__.-'    _.-'_.-'|                                  
 |    `-._`-._        _.-'_.-'    |           http://redis.io        
  `-._    `-._`-.__.-'_.-'    _.-'                                   
 |`-._`-._    `-.__.-'    _.-'_.-'|                                  
 |    `-._`-._        _.-'_.-'    |                                  
  `-._    `-._`-.__.-'_.-'    _.-'                                   
      `-._    `-.__.-'    _.-'                                       
          `-._        _.-'                                           
              `-.__.-'                                               

1:M 14 Apr 02:21:06.814 # Server initialized
1:M 14 Apr 02:21:06.823 # WARNING you have Transparent Huge Pages (THP) support enabled in your kernel. This will create latency and memory usage issues with Redis. To fix this issue run the command 'echo never > /sys/kernel/mm/transparent_hugepage/enabled' as root, and add it to your /etc/rc.local in order to retain the setting after a reboot. Redis must be restarted after THP is disabled.
1:M 14 Apr 02:21:06.827 * DB loaded from disk: 0.003 seconds
1:M 14 Apr 02:21:06.831 * Ready to accept connections
1:M 14 Apr 02:33:29.560 * 10 changes in 300 seconds. Saving...
1:M 14 Apr 02:33:29.563 * Background saving started by pid 17
17:C 14 Apr 02:33:29.566 * DB saved on disk
17:C 14 Apr 02:33:29.568 * RDB: 0 MB of memory used by copy-on-write
1:M 14 Apr 02:33:29.665 * Background saving terminated with success
1:M 14 Apr 02:38:30.055 * 10 changes in 300 seconds. Saving...
1:M 14 Apr 02:38:30.060 * Background saving started by pid 18
18:C 14 Apr 02:38:30.064 * DB saved on disk
18:C 14 Apr 02:38:30.065 * RDB: 0 MB of memory used by copy-on-write
1:M 14 Apr 02:38:30.163 * Background saving terminated with success
1:signal-handler (1649904328) Received SIGTERM scheduling shutdown...
1:M 14 Apr 02:45:28.857 # User requested shutdown...
1:M 14 Apr 02:45:28.859 * Saving the final RDB snapshot before exiting.
1:M 14 Apr 02:45:28.862 * DB saved on disk
1:M 14 Apr 02:45:28.863 * Removing the pid file.
1:M 14 Apr 02:45:28.865 # Redis is now ready to exit, bye bye...
1:C 14 Apr 07:28:39.038 # oO0OoO0OoO0Oo Redis is starting oO0OoO0OoO0Oo
1:C 14 Apr 07:28:39.040 # Redis version=4.0.13, bits=64, commit=00000000, modified=0, pid=1, just started
1:C 14 Apr 07:28:39.043 # Configuration loaded
                _._                                                  
           _.-``__ ''-._                                             
      _.-``    `.  `_.  ''-._           Redis 4.0.13 (00000000/0) 64 bit
  .-`` .-```.  ```\/    _.,_ ''-._                                   
 (    '      ,       .-`  | `,    )     Running in standalone mode
 |`-._`-...-` __...-.``-._|'` _.-'|     Port: 6379
 |    `-._   `._    /     _.-'    |     PID: 1
  `-._    `-._  `-./  _.-'    _.-'                                   
 |`-._`-._    `-.__.-'    _.-'_.-'|                                  
 |    `-._`-._        _.-'_.-'    |           http://redis.io        
  `-._    `-._`-.__.-'_.-'    _.-'                                   
 |`-._`-._    `-.__.-'    _.-'_.-'|                                  
 |    `-._`-._        _.-'_.-'    |                                  
  `-._    `-._`-.__.-'_.-'    _.-'                                   
      `-._    `-.__.-'    _.-'                                       
          `-._        _.-'                                           
              `-.__.-'                                               

1:M 14 Apr 07:28:39.049 # Server initialized
1:M 14 Apr 07:28:39.056 # WARNING you have Transparent Huge Pages (THP) support enabled in your kernel. This will create latency and memory usage issues with Redis. To fix this issue run the command 'echo never > /sys/kernel/mm/transparent_hugepage/enabled' as root, and add it to your /etc/rc.local in order to retain the setting after a reboot. Redis must be restarted after THP is disabled.
1:M 14 Apr 07:28:39.061 * Ready to accept connections
1:M 14 Apr 07:33:40.035 * 10 changes in 300 seconds. Saving...
1:M 14 Apr 07:33:40.037 * Background saving started by pid 18
18:C 14 Apr 07:33:40.040 * DB saved on disk
18:C 14 Apr 07:33:40.042 * RDB: 0 MB of memory used by copy-on-write
1:M 14 Apr 07:33:40.138 * Background saving terminated with success
1:M 14 Apr 07:38:41.018 * 10 changes in 300 seconds. Saving...
1:M 14 Apr 07:38:41.019 * Background saving started by pid 19
19:C 14 Apr 07:38:41.023 * DB saved on disk
19:C 14 Apr 07:38:41.025 * RDB: 0 MB of memory used by copy-on-write
1:M 14 Apr 07:38:41.121 * Background saving terminated with success
